# JRE version: Java(TM) SE Runtime Environment (8.0_191-b12) (build 1.8.0_191-b12)
# Java VM: Java HotSpot(TM) 64-Bit Server VM (25.191-b12 mixed mode windows-amd64 compressed oops)
Heap:
 PSYoungGen      total 234496K, used 138582K [0x00000000d6100000, 0x00000000ecd80000, 0x0000000100000000)
  eden space 221184K, 62% used [0x00000000d6100000,0x00000000de855b80,0x00000000e3900000)
  from space 13312K, 0% used [0x00000000e3900000,0x00000000e3900000,0x00000000e4600000)
  to   space 12800K, 0% used [0x00000000ec100000,0x00000000ec100000,0x00000000ecd80000)
 ParOldGen       total 60416K, used 12675K [0x0000000082200000, 0x0000000085d00000, 0x00000000d6100000)
  object space 60416K, 20% used [0x0000000082200000,0x0000000082e60e00,0x0000000085d00000)
 Metaspace       used 45498K, capacity 47652K, committed 47872K, reserved 1091584K
  class space    used 5789K, capacity 6144K, committed 6144K, reserved 1048576K
GC Heap History (10 events):
Event: 10.941 GC heap before
{Heap before GC invocations=7 (full 1):
 PSYoungGen      total 141312K, used 6761K [0x00000000d6100000, 0x00000000df500000, 0x0000000100000000)
  eden space 131072K, 0% used [0x00000000d6100000,0x00000000d6100000,0x00000000de100000)
  from space 10240K, 66% used [0x00000000deb00000,0x00000000df19a558,0x00000000df500000)
  to   space 10240K, 0% used [0x00000000de100000,0x00000000de100000,0x00000000deb00000)
 ParOldGen       total 86016K, used 5397K [0x0000000082200000, 0x0000000087600000, 0x00000000d6100000)
  object space 86016K, 6% used [0x0000000082200000,0x0000000082745628,0x0000000087600000)
 Metaspace       used 20438K, capacity 21236K, committed 21296K, reserved 1069056K
  class space    used 2496K, capacity 2682K, committed 2688K, reserved 1048576K
Event: 11.046 GC heap after
Heap after GC invocations=7 (full 1):
 PSYoungGen      total 141312K, used 0K [0x00000000d6100000, 0x00000000df500000, 0x0000000100000000)
  eden space 131072K, 0% used [0x00000000d6100000,0x00000000d6100000,0x00000000de100000)
  from space 10240K, 0% used [0x00000000deb00000,0x00000000deb00000,0x00000000df500000)
  to   space 10240K, 0% used [0x00000000de100000,0x00000000de100000,0x00000000deb00000)
 ParOldGen       total 52224K, used 6954K [0x0000000082200000, 0x0000000085500000, 0x00000000d6100000)
  object space 52224K, 13% used [0x0000000082200000,0x00000000828ca970,0x0000000085500000)
 Metaspace       used 20436K, capacity 21230K, committed 21296K, reserved 1069056K
  class space    used 2496K, capacity 2681K, committed 2688K, reserved 1048576K
}
Event: 16.987 GC heap before
{Heap before GC invocations=8 (full 1):
 PSYoungGen      total 141312K, used 131072K [0x00000000d6100000, 0x00000000df500000, 0x0000000100000000)
  eden space 131072K, 100% used [0x00000000d6100000,0x00000000de100000,0x00000000de100000)
  from space 10240K, 0% used [0x00000000deb00000,0x00000000deb00000,0x00000000df500000)
  to   space 10240K, 0% used [0x00000000de100000,0x00000000de100000,0x00000000deb00000)
 ParOldGen       total 52224K, used 6954K [0x0000000082200000, 0x0000000085500000, 0x00000000d6100000)
  object space 52224K, 13% used [0x0000000082200000,0x00000000828ca970,0x0000000085500000)
 Metaspace       used 27785K, capacity 29516K, committed 29696K, reserved 1075200K
  class space    used 3495K, capacity 3798K, committed 3840K, reserved 1048576K
Event: 17.007 GC heap after
Heap after GC invocations=8 (full 1):
 PSYoungGen      total 141312K, used 10213K [0x00000000d6100000, 0x00000000e5200000, 0x0000000100000000)
  eden space 131072K, 0% used [0x00000000d6100000,0x00000000d6100000,0x00000000de100000)
  from space 10240K, 99% used [0x00000000de100000,0x00000000deaf9788,0x00000000deb00000)
  to   space 12288K, 0% used [0x00000000e4600000,0x00000000e4600000,0x00000000e5200000)
 ParOldGen       total 52224K, used 7610K [0x0000000082200000, 0x0000000085500000, 0x00000000d6100000)
  object space 52224K, 14% used [0x0000000082200000,0x000000008296e808,0x0000000085500000)
 Metaspace       used 27785K, capacity 29516K, committed 29696K, reserved 1075200K
  class space    used 3495K, capacity 3798K, committed 3840K, reserved 1048576K
}
Event: 18.919 GC heap before
{Heap before GC invocations=9 (full 1):
 PSYoungGen      total 141312K, used 141285K [0x00000000d6100000, 0x00000000e5200000, 0x0000000100000000)
  eden space 131072K, 100% used [0x00000000d6100000,0x00000000de100000,0x00000000de100000)
  from space 10240K, 99% used [0x00000000de100000,0x00000000deaf9788,0x00000000deb00000)
  to   space 12288K, 0% used [0x00000000e4600000,0x00000000e4600000,0x00000000e5200000)
 ParOldGen       total 52224K, used 7610K [0x0000000082200000, 0x0000000085500000, 0x00000000d6100000)
  object space 52224K, 14% used [0x0000000082200000,0x000000008296e808,0x0000000085500000)
 Metaspace       used 33386K, capacity 35206K, committed 35456K, reserved 1081344K
  class space    used 4080K, capacity 4401K, committed 4480K, reserved 1048576K
Event: 18.961 GC heap after
Heap after GC invocations=9 (full 1):
 PSYoungGen      total 233472K, used 10652K [0x00000000d6100000, 0x00000000e5400000, 0x0000000100000000)
  eden space 221184K, 0% used [0x00000000d6100000,0x00000000d6100000,0x00000000e3900000)
  from space 12288K, 86% used [0x00000000e4600000,0x00000000e50673d0,0x00000000e5200000)
  to   space 13312K, 0% used [0x00000000e3900000,0x00000000e3900000,0x00000000e4600000)
 ParOldGen       total 52224K, used 7610K [0x0000000082200000, 0x0000000085500000, 0x00000000d6100000)
  object space 52224K, 14% used [0x0000000082200000,0x000000008296e808,0x0000000085500000)
 Metaspace       used 33386K, capacity 35206K, committed 35456K, reserved 1081344K
  class space    used 4080K, capacity 4401K, committed 4480K, reserved 1048576K
}
Event: 18.978 GC heap before
{Heap before GC invocations=10 (full 1):
 PSYoungGen      total 233472K, used 14440K [0x00000000d6100000, 0x00000000e5400000, 0x0000000100000000)
  eden space 221184K, 1% used [0x00000000d6100000,0x00000000d64b2e88,0x00000000e3900000)
  from space 12288K, 86% used [0x00000000e4600000,0x00000000e50673d0,0x00000000e5200000)
  to   space 13312K, 0% used [0x00000000e3900000,0x00000000e3900000,0x00000000e4600000)
 ParOldGen       total 52224K, used 7610K [0x0000000082200000, 0x0000000085500000, 0x00000000d6100000)
  object space 52224K, 14% used [0x0000000082200000,0x000000008296e808,0x0000000085500000)
 Metaspace       used 33462K, capacity 35270K, committed 35456K, reserved 1081344K
  class space    used 4083K, capacity 4401K, committed 4480K, reserved 1048576K
Event: 19.013 GC heap after
Heap after GC invocations=10 (full 1):
 PSYoungGen      total 234496K, used 7270K [0x00000000d6100000, 0x00000000ecd80000, 0x0000000100000000)
  eden space 221184K, 0% used [0x00000000d6100000,0x00000000d6100000,0x00000000e3900000)
  from space 13312K, 54% used [0x00000000e3900000,0x00000000e4019b90,0x00000000e4600000)
  to   space 12800K, 0% used [0x00000000ec100000,0x00000000ec100000,0x00000000ecd80000)
 ParOldGen       total 52224K, used 7618K [0x0000000082200000, 0x0000000085500000, 0x00000000d6100000)
  object space 52224K, 14% used [0x0000000082200000,0x0000000082970808,0x0000000085500000)
 Metaspace       used 33462K, capacity 35270K, committed 35456K, reserved 1081344K
  class space    used 4083K, capacity 4401K, committed 4480K, reserved 1048576K
}
Event: 19.013 GC heap before
{Heap before GC invocations=11 (full 2):
 PSYoungGen      total 234496K, used 7270K [0x00000000d6100000, 0x00000000ecd80000, 0x0000000100000000)
  eden space 221184K, 0% used [0x00000000d6100000,0x00000000d6100000,0x00000000e3900000)
  from space 13312K, 54% used [0x00000000e3900000,0x00000000e4019b90,0x00000000e4600000)
  to   space 12800K, 0% used [0x00000000ec100000,0x00000000ec100000,0x00000000ecd80000)
 ParOldGen       total 52224K, used 7618K [0x0000000082200000, 0x0000000085500000, 0x00000000d6100000)
  object space 52224K, 14% used [0x0000000082200000,0x0000000082970808,0x0000000085500000)
 Metaspace       used 33462K, capacity 35270K, committed 35456K, reserved 1081344K
  class space    used 4083K, capacity 4401K, committed 4480K, reserved 1048576K
Event: 19.130 GC heap after
Heap after GC invocations=11 (full 2):
 PSYoungGen      total 234496K, used 0K [0x00000000d6100000, 0x00000000ecd80000, 0x0000000100000000)
  eden space 221184K, 0% used [0x00000000d6100000,0x00000000d6100000,0x00000000e3900000)
  from space 13312K, 0% used [0x00000000e3900000,0x00000000e3900000,0x00000000e4600000)
  to   space 12800K, 0% used [0x00000000ec100000,0x00000000ec100000,0x00000000ecd80000)
 ParOldGen       total 60416K, used 12675K [0x0000000082200000, 0x0000000085d00000, 0x00000000d6100000)
  object space 60416K, 20% used [0x0000000082200000,0x0000000082e60e00,0x0000000085d00000)
 Metaspace       used 33462K, capacity 35270K, committed 35456K, reserved 1081344K
  class space    used 4083K, capacity 4401K, committed 4480K, reserved 1048576K
}

