# JRE version: Java(TM) SE Runtime Environment (8.0_191-b12) (build 1.8.0_191-b12)
# Java VM: Java HotSpot(TM) 64-Bit Server VM (25.191-b12 mixed mode windows-amd64 compressed oops)
Heap:
 PSYoungGen      total 141312K, used 51819K [0x00000000d6100000, 0x00000000df500000, 0x0000000100000000)
  eden space 131072K, 39% used [0x00000000d6100000,0x00000000d939acb0,0x00000000de100000)
  from space 10240K, 0% used [0x00000000deb00000,0x00000000deb00000,0x00000000df500000)
  to   space 10240K, 0% used [0x00000000de100000,0x00000000de100000,0x00000000deb00000)
 ParOldGen       total 51200K, used 7739K [0x0000000082200000, 0x0000000085400000, 0x00000000d6100000)
  object space 51200K, 15% used [0x0000000082200000,0x000000008298ee50,0x0000000085400000)
 Metaspace       used 22758K, capacity 23920K, committed 24064K, reserved 1071104K
  class space    used 2821K, capacity 3070K, committed 3072K, reserved 1048576K
GC Heap History (10 events):
Event: 3.067 GC heap before
{Heap before GC invocations=3 (full 0):
 PSYoungGen      total 37888K, used 34902K [0x00000000d6100000, 0x00000000dab00000, 0x0000000100000000)
  eden space 32768K, 100% used [0x00000000d6100000,0x00000000d8100000,0x00000000d8100000)
  from space 5120K, 41% used [0x00000000d8600000,0x00000000d8815a28,0x00000000d8b00000)
  to   space 5120K, 0% used [0x00000000d8100000,0x00000000d8100000,0x00000000d8600000)
 ParOldGen       total 86016K, used 16K [0x0000000082200000, 0x0000000087600000, 0x00000000d6100000)
  object space 86016K, 0% used [0x0000000082200000,0x0000000082204000,0x0000000087600000)
 Metaspace       used 11123K, capacity 11484K, committed 11648K, reserved 1058816K
  class space    used 1300K, capacity 1397K, committed 1408K, reserved 1048576K
Event: 3.076 GC heap after
Heap after GC invocations=3 (full 0):
 PSYoungGen      total 37888K, used 5103K [0x00000000d6100000, 0x00000000dab00000, 0x0000000100000000)
  eden space 32768K, 0% used [0x00000000d6100000,0x00000000d6100000,0x00000000d8100000)
  from space 5120K, 99% used [0x00000000d8100000,0x00000000d85fbd48,0x00000000d8600000)
  to   space 5120K, 0% used [0x00000000da600000,0x00000000da600000,0x00000000dab00000)
 ParOldGen       total 86016K, used 367K [0x0000000082200000, 0x0000000087600000, 0x00000000d6100000)
  object space 86016K, 0% used [0x0000000082200000,0x000000008225bed0,0x0000000087600000)
 Metaspace       used 11123K, capacity 11484K, committed 11648K, reserved 1058816K
  class space    used 1300K, capacity 1397K, committed 1408K, reserved 1048576K
}
Event: 3.516 GC heap before
{Heap before GC invocations=4 (full 0):
 PSYoungGen      total 37888K, used 37871K [0x00000000d6100000, 0x00000000dab00000, 0x0000000100000000)
  eden space 32768K, 100% used [0x00000000d6100000,0x00000000d8100000,0x00000000d8100000)
  from space 5120K, 99% used [0x00000000d8100000,0x00000000d85fbd48,0x00000000d8600000)
  to   space 5120K, 0% used [0x00000000da600000,0x00000000da600000,0x00000000dab00000)
 ParOldGen       total 86016K, used 367K [0x0000000082200000, 0x0000000087600000, 0x00000000d6100000)
  object space 86016K, 0% used [0x0000000082200000,0x000000008225bed0,0x0000000087600000)
 Metaspace       used 14788K, capacity 15334K, committed 15488K, reserved 1062912K
  class space    used 1757K, capacity 1880K, committed 1920K, reserved 1048576K
Event: 3.526 GC heap after
Heap after GC invocations=4 (full 0):
 PSYoungGen      total 70656K, used 5098K [0x00000000d6100000, 0x00000000dab00000, 0x0000000100000000)
  eden space 65536K, 0% used [0x00000000d6100000,0x00000000d6100000,0x00000000da100000)
  from space 5120K, 99% used [0x00000000da600000,0x00000000daafa970,0x00000000dab00000)
  to   space 5120K, 0% used [0x00000000da100000,0x00000000da100000,0x00000000da600000)
 ParOldGen       total 86016K, used 1833K [0x0000000082200000, 0x0000000087600000, 0x00000000d6100000)
  object space 86016K, 2% used [0x0000000082200000,0x00000000823ca440,0x0000000087600000)
 Metaspace       used 14788K, capacity 15334K, committed 15488K, reserved 1062912K
  class space    used 1757K, capacity 1880K, committed 1920K, reserved 1048576K
}
Event: 5.274 GC heap before
{Heap before GC invocations=5 (full 0):
 PSYoungGen      total 70656K, used 70588K [0x00000000d6100000, 0x00000000dab00000, 0x0000000100000000)
  eden space 65536K, 99% used [0x00000000d6100000,0x00000000da0f4840,0x00000000da100000)
  from space 5120K, 99% used [0x00000000da600000,0x00000000daafa970,0x00000000dab00000)
  to   space 5120K, 0% used [0x00000000da100000,0x00000000da100000,0x00000000da600000)
 ParOldGen       total 86016K, used 1833K [0x0000000082200000, 0x0000000087600000, 0x00000000d6100000)
  object space 86016K, 2% used [0x0000000082200000,0x00000000823ca440,0x0000000087600000)
 Metaspace       used 19116K, capacity 19828K, committed 19968K, reserved 1067008K
  class space    used 2358K, capacity 2521K, committed 2560K, reserved 1048576K
Event: 5.298 GC heap after
Heap after GC invocations=5 (full 0):
 PSYoungGen      total 70656K, used 5092K [0x00000000d6100000, 0x00000000df500000, 0x0000000100000000)
  eden space 65536K, 0% used [0x00000000d6100000,0x00000000d6100000,0x00000000da100000)
  from space 5120K, 99% used [0x00000000da100000,0x00000000da5f92a8,0x00000000da600000)
  to   space 10240K, 0% used [0x00000000deb00000,0x00000000deb00000,0x00000000df500000)
 ParOldGen       total 86016K, used 4980K [0x0000000082200000, 0x0000000087600000, 0x00000000d6100000)
  object space 86016K, 5% used [0x0000000082200000,0x00000000826dd008,0x0000000087600000)
 Metaspace       used 19116K, capacity 19828K, committed 19968K, reserved 1067008K
  class space    used 2358K, capacity 2521K, committed 2560K, reserved 1048576K
}
Event: 6.280 GC heap before
{Heap before GC invocations=6 (full 0):
 PSYoungGen      total 70656K, used 49371K [0x00000000d6100000, 0x00000000df500000, 0x0000000100000000)
  eden space 65536K, 67% used [0x00000000d6100000,0x00000000d8c3dab8,0x00000000da100000)
  from space 5120K, 99% used [0x00000000da100000,0x00000000da5f92a8,0x00000000da600000)
  to   space 10240K, 0% used [0x00000000deb00000,0x00000000deb00000,0x00000000df500000)
 ParOldGen       total 86016K, used 4980K [0x0000000082200000, 0x0000000087600000, 0x00000000d6100000)
  object space 86016K, 5% used [0x0000000082200000,0x00000000826dd008,0x0000000087600000)
 Metaspace       used 20414K, capacity 21246K, committed 21296K, reserved 1069056K
  class space    used 2498K, capacity 2685K, committed 2688K, reserved 1048576K
Event: 6.292 GC heap after
Heap after GC invocations=6 (full 0):
 PSYoungGen      total 141312K, used 7368K [0x00000000d6100000, 0x00000000df500000, 0x0000000100000000)
  eden space 131072K, 0% used [0x00000000d6100000,0x00000000d6100000,0x00000000de100000)
  from space 10240K, 71% used [0x00000000deb00000,0x00000000df232068,0x00000000df500000)
  to   space 10240K, 0% used [0x00000000de100000,0x00000000de100000,0x00000000deb00000)
 ParOldGen       total 86016K, used 4988K [0x0000000082200000, 0x0000000087600000, 0x00000000d6100000)
  object space 86016K, 5% used [0x0000000082200000,0x00000000826df008,0x0000000087600000)
 Metaspace       used 20414K, capacity 21246K, committed 21296K, reserved 1069056K
  class space    used 2498K, capacity 2685K, committed 2688K, reserved 1048576K
}
Event: 6.292 GC heap before
{Heap before GC invocations=7 (full 1):
 PSYoungGen      total 141312K, used 7368K [0x00000000d6100000, 0x00000000df500000, 0x0000000100000000)
  eden space 131072K, 0% used [0x00000000d6100000,0x00000000d6100000,0x00000000de100000)
  from space 10240K, 71% used [0x00000000deb00000,0x00000000df232068,0x00000000df500000)
  to   space 10240K, 0% used [0x00000000de100000,0x00000000de100000,0x00000000deb00000)
 ParOldGen       total 86016K, used 4988K [0x0000000082200000, 0x0000000087600000, 0x00000000d6100000)
  object space 86016K, 5% used [0x0000000082200000,0x00000000826df008,0x0000000087600000)
 Metaspace       used 20414K, capacity 21246K, committed 21296K, reserved 1069056K
  class space    used 2498K, capacity 2685K, committed 2688K, reserved 1048576K
Event: 6.352 GC heap after
Heap after GC invocations=7 (full 1):
 PSYoungGen      total 141312K, used 0K [0x00000000d6100000, 0x00000000df500000, 0x0000000100000000)
  eden space 131072K, 0% used [0x00000000d6100000,0x00000000d6100000,0x00000000de100000)
  from space 10240K, 0% used [0x00000000deb00000,0x00000000deb00000,0x00000000df500000)
  to   space 10240K, 0% used [0x00000000de100000,0x00000000de100000,0x00000000deb00000)
 ParOldGen       total 51200K, used 7739K [0x0000000082200000, 0x0000000085400000, 0x00000000d6100000)
  object space 51200K, 15% used [0x0000000082200000,0x000000008298ee50,0x0000000085400000)
 Metaspace       used 20414K, capacity 21246K, committed 21296K, reserved 1069056K
  class space    used 2498K, capacity 2685K, committed 2688K, reserved 1048576K
}

