# JRE version: Java(TM) SE Runtime Environment (8.0_191-b12) (build 1.8.0_191-b12)
# Java VM: Java HotSpot(TM) 64-Bit Server VM (25.191-b12 mixed mode windows-amd64 compressed oops)
Heap:
 PSYoungGen      total 339456K, used 208153K [0x00000000d6100000, 0x00000000f1b80000, 0x0000000100000000)
  eden space 319488K, 65% used [0x00000000d6100000,0x00000000e2c46778,0x00000000e9900000)
  from space 19968K, 0% used [0x00000000e9900000,0x00000000e9900000,0x00000000eac80000)
  to   space 19968K, 0% used [0x00000000f0800000,0x00000000f0800000,0x00000000f1b80000)
 ParOldGen       total 106496K, used 29473K [0x0000000082200000, 0x0000000088a00000, 0x00000000d6100000)
  object space 106496K, 27% used [0x0000000082200000,0x0000000083ec86e8,0x0000000088a00000)
 Metaspace       used 61765K, capacity 65314K, committed 65448K, reserved 1105920K
  class space    used 7960K, capacity 8515K, committed 8616K, reserved 1048576K
GC Heap History (10 events):
Event: 13.959 GC heap before
{Heap before GC invocations=10 (full 1):
 PSYoungGen      total 238080K, used 65808K [0x00000000d6100000, 0x00000000e5a80000, 0x0000000100000000)
  eden space 226304K, 24% used [0x00000000d6100000,0x00000000d963b858,0x00000000e3e00000)
  from space 11776K, 95% used [0x00000000e4f00000,0x00000000e5a08ae0,0x00000000e5a80000)
  to   space 13824K, 0% used [0x00000000e3f80000,0x00000000e3f80000,0x00000000e4d00000)
 ParOldGen       total 51200K, used 7602K [0x0000000082200000, 0x0000000085400000, 0x00000000d6100000)
  object space 51200K, 14% used [0x0000000082200000,0x000000008296c9c0,0x0000000085400000)
 Metaspace       used 33460K, capacity 35340K, committed 35496K, reserved 1081344K
  class space    used 4137K, capacity 4484K, committed 4520K, reserved 1048576K
Event: 13.994 GC heap after
Heap after GC invocations=10 (full 1):
 PSYoungGen      total 241664K, used 13282K [0x00000000d6100000, 0x00000000ec000000, 0x0000000100000000)
  eden space 227840K, 0% used [0x00000000d6100000,0x00000000d6100000,0x00000000e3f80000)
  from space 13824K, 96% used [0x00000000e3f80000,0x00000000e4c78988,0x00000000e4d00000)
  to   space 15872K, 0% used [0x00000000eb080000,0x00000000eb080000,0x00000000ec000000)
 ParOldGen       total 51200K, used 7602K [0x0000000082200000, 0x0000000085400000, 0x00000000d6100000)
  object space 51200K, 14% used [0x0000000082200000,0x000000008296c9c0,0x0000000085400000)
 Metaspace       used 33460K, capacity 35340K, committed 35496K, reserved 1081344K
  class space    used 4137K, capacity 4484K, committed 4520K, reserved 1048576K
}
Event: 13.994 GC heap before
{Heap before GC invocations=11 (full 2):
 PSYoungGen      total 241664K, used 13282K [0x00000000d6100000, 0x00000000ec000000, 0x0000000100000000)
  eden space 227840K, 0% used [0x00000000d6100000,0x00000000d6100000,0x00000000e3f80000)
  from space 13824K, 96% used [0x00000000e3f80000,0x00000000e4c78988,0x00000000e4d00000)
  to   space 15872K, 0% used [0x00000000eb080000,0x00000000eb080000,0x00000000ec000000)
 ParOldGen       total 51200K, used 7602K [0x0000000082200000, 0x0000000085400000, 0x00000000d6100000)
  object space 51200K, 14% used [0x0000000082200000,0x000000008296c9c0,0x0000000085400000)
 Metaspace       used 33460K, capacity 35340K, committed 35496K, reserved 1081344K
  class space    used 4137K, capacity 4484K, committed 4520K, reserved 1048576K
Event: 14.133 GC heap after
Heap after GC invocations=11 (full 2):
 PSYoungGen      total 241664K, used 0K [0x00000000d6100000, 0x00000000ec000000, 0x0000000100000000)
  eden space 227840K, 0% used [0x00000000d6100000,0x00000000d6100000,0x00000000e3f80000)
  from space 13824K, 0% used [0x00000000e3f80000,0x00000000e3f80000,0x00000000e4d00000)
  to   space 15872K, 0% used [0x00000000eb080000,0x00000000eb080000,0x00000000ec000000)
 ParOldGen       total 75776K, used 18719K [0x0000000082200000, 0x0000000086c00000, 0x00000000d6100000)
  object space 75776K, 24% used [0x0000000082200000,0x0000000083447d68,0x0000000086c00000)
 Metaspace       used 33460K, capacity 35340K, committed 35496K, reserved 1081344K
  class space    used 4137K, capacity 4484K, committed 4520K, reserved 1048576K
}
Event: 23.857 GC heap before
{Heap before GC invocations=12 (full 2):
 PSYoungGen      total 241664K, used 227840K [0x00000000d6100000, 0x00000000ec000000, 0x0000000100000000)
  eden space 227840K, 100% used [0x00000000d6100000,0x00000000e3f80000,0x00000000e3f80000)
  from space 13824K, 0% used [0x00000000e3f80000,0x00000000e3f80000,0x00000000e4d00000)
  to   space 15872K, 0% used [0x00000000eb080000,0x00000000eb080000,0x00000000ec000000)
 ParOldGen       total 75776K, used 18719K [0x0000000082200000, 0x0000000086c00000, 0x00000000d6100000)
  object space 75776K, 24% used [0x0000000082200000,0x0000000083447d68,0x0000000086c00000)
 Metaspace       used 51770K, capacity 54494K, committed 54696K, reserved 1097728K
  class space    used 6772K, capacity 7227K, committed 7336K, reserved 1048576K
Event: 23.898 GC heap after
Heap after GC invocations=12 (full 2):
 PSYoungGen      total 325632K, used 15857K [0x00000000d6100000, 0x00000000ec000000, 0x0000000100000000)
  eden space 309760K, 0% used [0x00000000d6100000,0x00000000d6100000,0x00000000e8f80000)
  from space 15872K, 99% used [0x00000000eb080000,0x00000000ebffc740,0x00000000ec000000)
  to   space 19968K, 0% used [0x00000000e9900000,0x00000000e9900000,0x00000000eac80000)
 ParOldGen       total 75776K, used 24815K [0x0000000082200000, 0x0000000086c00000, 0x00000000d6100000)
  object space 75776K, 32% used [0x0000000082200000,0x0000000083a3bef8,0x0000000086c00000)
 Metaspace       used 51770K, capacity 54494K, committed 54696K, reserved 1097728K
  class space    used 6772K, capacity 7227K, committed 7336K, reserved 1048576K
}
Event: 27.542 GC heap before
{Heap before GC invocations=13 (full 2):
 PSYoungGen      total 325632K, used 83968K [0x00000000d6100000, 0x00000000ec000000, 0x0000000100000000)
  eden space 309760K, 21% used [0x00000000d6100000,0x00000000da383bc0,0x00000000e8f80000)
  from space 15872K, 99% used [0x00000000eb080000,0x00000000ebffc740,0x00000000ec000000)
  to   space 19968K, 0% used [0x00000000e9900000,0x00000000e9900000,0x00000000eac80000)
 ParOldGen       total 75776K, used 24815K [0x0000000082200000, 0x0000000086c00000, 0x00000000d6100000)
  object space 75776K, 32% used [0x0000000082200000,0x0000000083a3bef8,0x0000000086c00000)
 Metaspace       used 55999K, capacity 59116K, committed 59160K, reserved 1101824K
  class space    used 7322K, capacity 7840K, committed 7848K, reserved 1048576K
Event: 27.569 GC heap after
Heap after GC invocations=13 (full 2):
 PSYoungGen      total 339456K, used 4734K [0x00000000d6100000, 0x00000000f1b80000, 0x0000000100000000)
  eden space 319488K, 0% used [0x00000000d6100000,0x00000000d6100000,0x00000000e9900000)
  from space 19968K, 23% used [0x00000000e9900000,0x00000000e9d9f930,0x00000000eac80000)
  to   space 19968K, 0% used [0x00000000f0800000,0x00000000f0800000,0x00000000f1b80000)
 ParOldGen       total 75776K, used 33897K [0x0000000082200000, 0x0000000086c00000, 0x00000000d6100000)
  object space 75776K, 44% used [0x0000000082200000,0x000000008431a5c0,0x0000000086c00000)
 Metaspace       used 55999K, capacity 59116K, committed 59160K, reserved 1101824K
  class space    used 7322K, capacity 7840K, committed 7848K, reserved 1048576K
}
Event: 27.569 GC heap before
{Heap before GC invocations=14 (full 3):
 PSYoungGen      total 339456K, used 4734K [0x00000000d6100000, 0x00000000f1b80000, 0x0000000100000000)
  eden space 319488K, 0% used [0x00000000d6100000,0x00000000d6100000,0x00000000e9900000)
  from space 19968K, 23% used [0x00000000e9900000,0x00000000e9d9f930,0x00000000eac80000)
  to   space 19968K, 0% used [0x00000000f0800000,0x00000000f0800000,0x00000000f1b80000)
 ParOldGen       total 75776K, used 33897K [0x0000000082200000, 0x0000000086c00000, 0x00000000d6100000)
  object space 75776K, 44% used [0x0000000082200000,0x000000008431a5c0,0x0000000086c00000)
 Metaspace       used 55999K, capacity 59116K, committed 59160K, reserved 1101824K
  class space    used 7322K, capacity 7840K, committed 7848K, reserved 1048576K
Event: 27.845 GC heap after
Heap after GC invocations=14 (full 3):
 PSYoungGen      total 339456K, used 0K [0x00000000d6100000, 0x00000000f1b80000, 0x0000000100000000)
  eden space 319488K, 0% used [0x00000000d6100000,0x00000000d6100000,0x00000000e9900000)
  from space 19968K, 0% used [0x00000000e9900000,0x00000000e9900000,0x00000000eac80000)
  to   space 19968K, 0% used [0x00000000f0800000,0x00000000f0800000,0x00000000f1b80000)
 ParOldGen       total 106496K, used 29473K [0x0000000082200000, 0x0000000088a00000, 0x00000000d6100000)
  object space 106496K, 27% used [0x0000000082200000,0x0000000083ec86e8,0x0000000088a00000)
 Metaspace       used 55909K, capacity 58972K, committed 59160K, reserved 1101824K
  class space    used 7308K, capacity 7816K, committed 7848K, reserved 1048576K
}

