# JRE version: Java(TM) SE Runtime Environment (8.0_191-b12) (build 1.8.0_191-b12)
# Java VM: Java HotSpot(TM) 64-Bit Server VM (25.191-b12 mixed mode windows-amd64 compressed oops)
Heap:
 PSYoungGen      total 140288K, used 125741K [0x00000000d6100000, 0x00000000df500000, 0x0000000100000000)
  eden space 130560K, 96% used [0x00000000d6100000,0x00000000ddbcb768,0x00000000de080000)
  from space 9728K, 0% used [0x00000000dea80000,0x00000000dea80000,0x00000000df400000)
  to   space 10240K, 0% used [0x00000000de080000,0x00000000de080000,0x00000000dea80000)
 ParOldGen       total 70656K, used 16124K [0x0000000082200000, 0x0000000086700000, 0x00000000d6100000)
  object space 70656K, 22% used [0x0000000082200000,0x00000000831bf170,0x0000000086700000)
 Metaspace       used 44551K, capacity 47104K, committed 47232K, reserved 1091584K
  class space    used 5807K, capacity 6248K, committed 6272K, reserved 1048576K
GC Heap History (10 events):
Event: 6.758 GC heap before
{Heap before GC invocations=6 (full 0):
 PSYoungGen      total 70656K, used 50525K [0x00000000d6100000, 0x00000000df400000, 0x0000000100000000)
  eden space 65536K, 69% used [0x00000000d6100000,0x00000000d8d59a20,0x00000000da100000)
  from space 5120K, 99% used [0x00000000da100000,0x00000000da5fddc0,0x00000000da600000)
  to   space 9728K, 0% used [0x00000000dea80000,0x00000000dea80000,0x00000000df400000)
 ParOldGen       total 86016K, used 4859K [0x0000000082200000, 0x0000000087600000, 0x00000000d6100000)
  object space 86016K, 5% used [0x0000000082200000,0x00000000826becb0,0x0000000087600000)
 Metaspace       used 20414K, capacity 21216K, committed 21296K, reserved 1069056K
  class space    used 2498K, capacity 2688K, committed 2688K, reserved 1048576K
Event: 6.775 GC heap after
Heap after GC invocations=6 (full 0):
 PSYoungGen      total 140288K, used 7380K [0x00000000d6100000, 0x00000000df500000, 0x0000000100000000)
  eden space 130560K, 0% used [0x00000000d6100000,0x00000000d6100000,0x00000000de080000)
  from space 9728K, 75% used [0x00000000dea80000,0x00000000df1b53a8,0x00000000df400000)
  to   space 10240K, 0% used [0x00000000de080000,0x00000000de080000,0x00000000dea80000)
 ParOldGen       total 86016K, used 4867K [0x0000000082200000, 0x0000000087600000, 0x00000000d6100000)
  object space 86016K, 5% used [0x0000000082200000,0x00000000826c0cb0,0x0000000087600000)
 Metaspace       used 20414K, capacity 21216K, committed 21296K, reserved 1069056K
  class space    used 2498K, capacity 2688K, committed 2688K, reserved 1048576K
}
Event: 6.775 GC heap before
{Heap before GC invocations=7 (full 1):
 PSYoungGen      total 140288K, used 7380K [0x00000000d6100000, 0x00000000df500000, 0x0000000100000000)
  eden space 130560K, 0% used [0x00000000d6100000,0x00000000d6100000,0x00000000de080000)
  from space 9728K, 75% used [0x00000000dea80000,0x00000000df1b53a8,0x00000000df400000)
  to   space 10240K, 0% used [0x00000000de080000,0x00000000de080000,0x00000000dea80000)
 ParOldGen       total 86016K, used 4867K [0x0000000082200000, 0x0000000087600000, 0x00000000d6100000)
  object space 86016K, 5% used [0x0000000082200000,0x00000000826c0cb0,0x0000000087600000)
 Metaspace       used 20414K, capacity 21216K, committed 21296K, reserved 1069056K
  class space    used 2498K, capacity 2688K, committed 2688K, reserved 1048576K
Event: 6.835 GC heap after
Heap after GC invocations=7 (full 1):
 PSYoungGen      total 140288K, used 0K [0x00000000d6100000, 0x00000000df500000, 0x0000000100000000)
  eden space 130560K, 0% used [0x00000000d6100000,0x00000000d6100000,0x00000000de080000)
  from space 9728K, 0% used [0x00000000dea80000,0x00000000dea80000,0x00000000df400000)
  to   space 10240K, 0% used [0x00000000de080000,0x00000000de080000,0x00000000dea80000)
 ParOldGen       total 49664K, used 7770K [0x0000000082200000, 0x0000000085280000, 0x00000000d6100000)
  object space 49664K, 15% used [0x0000000082200000,0x0000000082996930,0x0000000085280000)
 Metaspace       used 20412K, capacity 21210K, committed 21296K, reserved 1069056K
  class space    used 2498K, capacity 2687K, committed 2688K, reserved 1048576K
}
Event: 11.890 GC heap before
{Heap before GC invocations=8 (full 1):
 PSYoungGen      total 140288K, used 130533K [0x00000000d6100000, 0x00000000df500000, 0x0000000100000000)
  eden space 130560K, 99% used [0x00000000d6100000,0x00000000de0795f8,0x00000000de080000)
  from space 9728K, 0% used [0x00000000dea80000,0x00000000dea80000,0x00000000df400000)
  to   space 10240K, 0% used [0x00000000de080000,0x00000000de080000,0x00000000dea80000)
 ParOldGen       total 49664K, used 7770K [0x0000000082200000, 0x0000000085280000, 0x00000000d6100000)
  object space 49664K, 15% used [0x0000000082200000,0x0000000082996930,0x0000000085280000)
 Metaspace       used 28980K, capacity 30758K, committed 30848K, reserved 1077248K
  class space    used 3644K, capacity 3949K, committed 3968K, reserved 1048576K
Event: 11.921 GC heap after
Heap after GC invocations=8 (full 1):
 PSYoungGen      total 140800K, used 10216K [0x00000000d6100000, 0x00000000df500000, 0x0000000100000000)
  eden space 130560K, 0% used [0x00000000d6100000,0x00000000d6100000,0x00000000de080000)
  from space 10240K, 99% used [0x00000000de080000,0x00000000dea7a308,0x00000000dea80000)
  to   space 9728K, 0% used [0x00000000dea80000,0x00000000dea80000,0x00000000df400000)
 ParOldGen       total 49664K, used 8729K [0x0000000082200000, 0x0000000085280000, 0x00000000d6100000)
  object space 49664K, 17% used [0x0000000082200000,0x0000000082a86468,0x0000000085280000)
 Metaspace       used 28980K, capacity 30758K, committed 30848K, reserved 1077248K
  class space    used 3644K, capacity 3949K, committed 3968K, reserved 1048576K
}
Event: 14.072 GC heap before
{Heap before GC invocations=9 (full 1):
 PSYoungGen      total 140800K, used 127614K [0x00000000d6100000, 0x00000000df500000, 0x0000000100000000)
  eden space 130560K, 89% used [0x00000000d6100000,0x00000000dd3a5730,0x00000000de080000)
  from space 10240K, 99% used [0x00000000de080000,0x00000000dea7a308,0x00000000dea80000)
  to   space 9728K, 0% used [0x00000000dea80000,0x00000000dea80000,0x00000000df400000)
 ParOldGen       total 49664K, used 8729K [0x0000000082200000, 0x0000000085280000, 0x00000000d6100000)
  object space 49664K, 17% used [0x0000000082200000,0x0000000082a86468,0x0000000085280000)
 Metaspace       used 33559K, capacity 35400K, committed 35456K, reserved 1081344K
  class space    used 4144K, capacity 4476K, committed 4480K, reserved 1048576K
Event: 14.142 GC heap after
Heap after GC invocations=9 (full 1):
 PSYoungGen      total 140288K, used 9716K [0x00000000d6100000, 0x00000000df500000, 0x0000000100000000)
  eden space 130560K, 0% used [0x00000000d6100000,0x00000000d6100000,0x00000000de080000)
  from space 9728K, 99% used [0x00000000dea80000,0x00000000df3fd3c8,0x00000000df400000)
  to   space 10240K, 0% used [0x00000000de080000,0x00000000de080000,0x00000000dea80000)
 ParOldGen       total 49664K, used 10241K [0x0000000082200000, 0x0000000085280000, 0x00000000d6100000)
  object space 49664K, 20% used [0x0000000082200000,0x0000000082c004f0,0x0000000085280000)
 Metaspace       used 33559K, capacity 35400K, committed 35456K, reserved 1081344K
  class space    used 4144K, capacity 4476K, committed 4480K, reserved 1048576K
}
Event: 14.142 GC heap before
{Heap before GC invocations=10 (full 2):
 PSYoungGen      total 140288K, used 9716K [0x00000000d6100000, 0x00000000df500000, 0x0000000100000000)
  eden space 130560K, 0% used [0x00000000d6100000,0x00000000d6100000,0x00000000de080000)
  from space 9728K, 99% used [0x00000000dea80000,0x00000000df3fd3c8,0x00000000df400000)
  to   space 10240K, 0% used [0x00000000de080000,0x00000000de080000,0x00000000dea80000)
 ParOldGen       total 49664K, used 10241K [0x0000000082200000, 0x0000000085280000, 0x00000000d6100000)
  object space 49664K, 20% used [0x0000000082200000,0x0000000082c004f0,0x0000000085280000)
 Metaspace       used 33559K, capacity 35400K, committed 35456K, reserved 1081344K
  class space    used 4144K, capacity 4476K, committed 4480K, reserved 1048576K
Event: 14.299 GC heap after
Heap after GC invocations=10 (full 2):
 PSYoungGen      total 140288K, used 0K [0x00000000d6100000, 0x00000000df500000, 0x0000000100000000)
  eden space 130560K, 0% used [0x00000000d6100000,0x00000000d6100000,0x00000000de080000)
  from space 9728K, 0% used [0x00000000dea80000,0x00000000dea80000,0x00000000df400000)
  to   space 10240K, 0% used [0x00000000de080000,0x00000000de080000,0x00000000dea80000)
 ParOldGen       total 70656K, used 16124K [0x0000000082200000, 0x0000000086700000, 0x00000000d6100000)
  object space 70656K, 22% used [0x0000000082200000,0x00000000831bf170,0x0000000086700000)
 Metaspace       used 33559K, capacity 35400K, committed 35456K, reserved 1081344K
  class space    used 4144K, capacity 4476K, committed 4480K, reserved 1048576K
}

