# JRE version: Java(TM) SE Runtime Environment (8.0_191-b12) (build 1.8.0_191-b12)
# Java VM: Java HotSpot(TM) 64-Bit Server VM (25.191-b12 mixed mode windows-amd64 compressed oops)
Heap:
 PSYoungGen      total 322048K, used 69698K [0x00000000d6100000, 0x00000000eb200000, 0x0000000100000000)
  eden space 306176K, 22% used [0x00000000d6100000,0x00000000da510ad0,0x00000000e8c00000)
  from space 15872K, 0% used [0x00000000ea280000,0x00000000ea280000,0x00000000eb200000)
  to   space 19456K, 0% used [0x00000000e8c00000,0x00000000e8c00000,0x00000000e9f00000)
 ParOldGen       total 96256K, used 23489K [0x0000000082200000, 0x0000000088000000, 0x00000000d6100000)
  object space 96256K, 24% used [0x0000000082200000,0x00000000838f07b0,0x0000000088000000)
 Metaspace       used 59905K, capacity 63254K, committed 63528K, reserved 1103872K
  class space    used 7859K, capacity 8409K, committed 8488K, reserved 1048576K
GC Heap History (10 events):
Event: 14.730 GC heap before
{Heap before GC invocations=9 (full 1):
 PSYoungGen      total 141312K, used 136763K [0x00000000d6100000, 0x00000000e5a80000, 0x0000000100000000)
  eden space 131072K, 96% used [0x00000000d6100000,0x00000000ddc92018,0x00000000de100000)
  from space 10240K, 99% used [0x00000000de100000,0x00000000deafcf38,0x00000000deb00000)
  to   space 12800K, 0% used [0x00000000e4e00000,0x00000000e4e00000,0x00000000e5a80000)
 ParOldGen       total 50176K, used 8622K [0x0000000082200000, 0x0000000085300000, 0x00000000d6100000)
  object space 50176K, 17% used [0x0000000082200000,0x0000000082a6b9a8,0x0000000085300000)
 Metaspace       used 33701K, capacity 35462K, committed 35496K, reserved 1081344K
  class space    used 4183K, capacity 4497K, committed 4520K, reserved 1048576K
Event: 14.753 GC heap after
Heap after GC invocations=9 (full 1):
 PSYoungGen      total 236032K, used 10699K [0x00000000d6100000, 0x00000000e5880000, 0x0000000100000000)
  eden space 225280K, 0% used [0x00000000d6100000,0x00000000d6100000,0x00000000e3d00000)
  from space 10752K, 99% used [0x00000000e4e00000,0x00000000e5872cb0,0x00000000e5880000)
  to   space 13824K, 0% used [0x00000000e3d80000,0x00000000e3d80000,0x00000000e4b00000)
 ParOldGen       total 50176K, used 8630K [0x0000000082200000, 0x0000000085300000, 0x00000000d6100000)
  object space 50176K, 17% used [0x0000000082200000,0x0000000082a6d9a8,0x0000000085300000)
 Metaspace       used 33701K, capacity 35462K, committed 35496K, reserved 1081344K
  class space    used 4183K, capacity 4497K, committed 4520K, reserved 1048576K
}
Event: 14.753 GC heap before
{Heap before GC invocations=10 (full 2):
 PSYoungGen      total 236032K, used 10699K [0x00000000d6100000, 0x00000000e5880000, 0x0000000100000000)
  eden space 225280K, 0% used [0x00000000d6100000,0x00000000d6100000,0x00000000e3d00000)
  from space 10752K, 99% used [0x00000000e4e00000,0x00000000e5872cb0,0x00000000e5880000)
  to   space 13824K, 0% used [0x00000000e3d80000,0x00000000e3d80000,0x00000000e4b00000)
 ParOldGen       total 50176K, used 8630K [0x0000000082200000, 0x0000000085300000, 0x00000000d6100000)
  object space 50176K, 17% used [0x0000000082200000,0x0000000082a6d9a8,0x0000000085300000)
 Metaspace       used 33701K, capacity 35462K, committed 35496K, reserved 1081344K
  class space    used 4183K, capacity 4497K, committed 4520K, reserved 1048576K
Event: 14.897 GC heap after
Heap after GC invocations=10 (full 2):
 PSYoungGen      total 236032K, used 0K [0x00000000d6100000, 0x00000000e5880000, 0x0000000100000000)
  eden space 225280K, 0% used [0x00000000d6100000,0x00000000d6100000,0x00000000e3d00000)
  from space 10752K, 0% used [0x00000000e4e00000,0x00000000e4e00000,0x00000000e5880000)
  to   space 13824K, 0% used [0x00000000e3d80000,0x00000000e3d80000,0x00000000e4b00000)
 ParOldGen       total 71680K, used 15849K [0x0000000082200000, 0x0000000086800000, 0x00000000d6100000)
  object space 71680K, 22% used [0x0000000082200000,0x000000008317a630,0x0000000086800000)
 Metaspace       used 33701K, capacity 35462K, committed 35496K, reserved 1081344K
  class space    used 4183K, capacity 4497K, committed 4520K, reserved 1048576K
}
Event: 25.222 GC heap before
{Heap before GC invocations=11 (full 2):
 PSYoungGen      total 236032K, used 225280K [0x00000000d6100000, 0x00000000e5880000, 0x0000000100000000)
  eden space 225280K, 100% used [0x00000000d6100000,0x00000000e3d00000,0x00000000e3d00000)
  from space 10752K, 0% used [0x00000000e4e00000,0x00000000e4e00000,0x00000000e5880000)
  to   space 13824K, 0% used [0x00000000e3d80000,0x00000000e3d80000,0x00000000e4b00000)
 ParOldGen       total 71680K, used 15849K [0x0000000082200000, 0x0000000086800000, 0x00000000d6100000)
  object space 71680K, 22% used [0x0000000082200000,0x000000008317a630,0x0000000086800000)
 Metaspace       used 52940K, capacity 55610K, committed 55848K, reserved 1097728K
  class space    used 6973K, capacity 7403K, committed 7464K, reserved 1048576K
Event: 25.266 GC heap after
Heap after GC invocations=11 (full 2):
 PSYoungGen      total 239616K, used 13821K [0x00000000d6100000, 0x00000000eb500000, 0x0000000100000000)
  eden space 225792K, 0% used [0x00000000d6100000,0x00000000d6100000,0x00000000e3d80000)
  from space 13824K, 99% used [0x00000000e3d80000,0x00000000e4aff678,0x00000000e4b00000)
  to   space 18944K, 0% used [0x00000000ea280000,0x00000000ea280000,0x00000000eb500000)
 ParOldGen       total 71680K, used 23996K [0x0000000082200000, 0x0000000086800000, 0x00000000d6100000)
  object space 71680K, 33% used [0x0000000082200000,0x000000008396f058,0x0000000086800000)
 Metaspace       used 52940K, capacity 55610K, committed 55848K, reserved 1097728K
  class space    used 6973K, capacity 7403K, committed 7464K, reserved 1048576K
}
Event: 28.180 GC heap before
{Heap before GC invocations=12 (full 2):
 PSYoungGen      total 239616K, used 66764K [0x00000000d6100000, 0x00000000eb500000, 0x0000000100000000)
  eden space 225792K, 23% used [0x00000000d6100000,0x00000000d94b3d10,0x00000000e3d80000)
  from space 13824K, 99% used [0x00000000e3d80000,0x00000000e4aff678,0x00000000e4b00000)
  to   space 18944K, 0% used [0x00000000ea280000,0x00000000ea280000,0x00000000eb500000)
 ParOldGen       total 71680K, used 23996K [0x0000000082200000, 0x0000000086800000, 0x00000000d6100000)
  object space 71680K, 33% used [0x0000000082200000,0x000000008396f058,0x0000000086800000)
 Metaspace       used 56296K, capacity 59064K, committed 59160K, reserved 1101824K
  class space    used 7384K, capacity 7842K, committed 7848K, reserved 1048576K
Event: 28.213 GC heap after
Heap after GC invocations=12 (full 2):
 PSYoungGen      total 322048K, used 12135K [0x00000000d6100000, 0x00000000eb200000, 0x0000000100000000)
  eden space 306176K, 0% used [0x00000000d6100000,0x00000000d6100000,0x00000000e8c00000)
  from space 15872K, 76% used [0x00000000ea280000,0x00000000eae59e50,0x00000000eb200000)
  to   space 19456K, 0% used [0x00000000e8c00000,0x00000000e8c00000,0x00000000e9f00000)
 ParOldGen       total 71680K, used 24004K [0x0000000082200000, 0x0000000086800000, 0x00000000d6100000)
  object space 71680K, 33% used [0x0000000082200000,0x0000000083971058,0x0000000086800000)
 Metaspace       used 56296K, capacity 59064K, committed 59160K, reserved 1101824K
  class space    used 7384K, capacity 7842K, committed 7848K, reserved 1048576K
}
Event: 28.213 GC heap before
{Heap before GC invocations=13 (full 3):
 PSYoungGen      total 322048K, used 12135K [0x00000000d6100000, 0x00000000eb200000, 0x0000000100000000)
  eden space 306176K, 0% used [0x00000000d6100000,0x00000000d6100000,0x00000000e8c00000)
  from space 15872K, 76% used [0x00000000ea280000,0x00000000eae59e50,0x00000000eb200000)
  to   space 19456K, 0% used [0x00000000e8c00000,0x00000000e8c00000,0x00000000e9f00000)
 ParOldGen       total 71680K, used 24004K [0x0000000082200000, 0x0000000086800000, 0x00000000d6100000)
  object space 71680K, 33% used [0x0000000082200000,0x0000000083971058,0x0000000086800000)
 Metaspace       used 56296K, capacity 59064K, committed 59160K, reserved 1101824K
  class space    used 7384K, capacity 7842K, committed 7848K, reserved 1048576K
Event: 28.514 GC heap after
Heap after GC invocations=13 (full 3):
 PSYoungGen      total 322048K, used 0K [0x00000000d6100000, 0x00000000eb200000, 0x0000000100000000)
  eden space 306176K, 0% used [0x00000000d6100000,0x00000000d6100000,0x00000000e8c00000)
  from space 15872K, 0% used [0x00000000ea280000,0x00000000ea280000,0x00000000eb200000)
  to   space 19456K, 0% used [0x00000000e8c00000,0x00000000e8c00000,0x00000000e9f00000)
 ParOldGen       total 96256K, used 23489K [0x0000000082200000, 0x0000000088000000, 0x00000000d6100000)
  object space 96256K, 24% used [0x0000000082200000,0x00000000838f07b0,0x0000000088000000)
 Metaspace       used 56217K, capacity 58938K, committed 59160K, reserved 1101824K
  class space    used 7372K, capacity 7821K, committed 7848K, reserved 1048576K
}

