# JRE version: Java(TM) SE Runtime Environment (8.0_191-b12) (build 1.8.0_191-b12)
# Java VM: Java HotSpot(TM) 64-Bit Server VM (25.191-b12 mixed mode windows-amd64 compressed oops)
Heap:
 PSYoungGen      total 140800K, used 98363K [0x00000000d6100000, 0x00000000e5a00000, 0x0000000100000000)
  eden space 130560K, 67% used [0x00000000d6100000,0x00000000db714d40,0x00000000de080000)
  from space 10240K, 99% used [0x00000000de080000,0x00000000dea7a070,0x00000000dea80000)
  to   space 12288K, 0% used [0x00000000e4e00000,0x00000000e4e00000,0x00000000e5a00000)
 ParOldGen       total 50176K, used 8720K [0x0000000082200000, 0x0000000085300000, 0x00000000d6100000)
  object space 50176K, 17% used [0x0000000082200000,0x0000000082a84310,0x0000000085300000)
 Metaspace       used 30263K, capacity 32052K, committed 32384K, reserved 1077248K
  class space    used 3791K, capacity 4098K, committed 4224K, reserved 1048576K
GC Heap History (10 events):
Event: 4.311 GC heap before
{Heap before GC invocations=4 (full 0):
 PSYoungGen      total 37888K, used 37873K [0x00000000d6100000, 0x00000000dab00000, 0x0000000100000000)
  eden space 32768K, 100% used [0x00000000d6100000,0x00000000d8100000,0x00000000d8100000)
  from space 5120K, 99% used [0x00000000d8100000,0x00000000d85fc688,0x00000000d8600000)
  to   space 5120K, 0% used [0x00000000da600000,0x00000000da600000,0x00000000dab00000)
 ParOldGen       total 86016K, used 235K [0x0000000082200000, 0x0000000087600000, 0x00000000d6100000)
  object space 86016K, 0% used [0x0000000082200000,0x000000008223ad50,0x0000000087600000)
 Metaspace       used 14766K, capacity 15248K, committed 15488K, reserved 1062912K
  class space    used 1755K, capacity 1875K, committed 1920K, reserved 1048576K
Event: 4.323 GC heap after
Heap after GC invocations=4 (full 0):
 PSYoungGen      total 70656K, used 5093K [0x00000000d6100000, 0x00000000dab00000, 0x0000000100000000)
  eden space 65536K, 0% used [0x00000000d6100000,0x00000000d6100000,0x00000000da100000)
  from space 5120K, 99% used [0x00000000da600000,0x00000000daaf9448,0x00000000dab00000)
  to   space 5120K, 0% used [0x00000000da100000,0x00000000da100000,0x00000000da600000)
 ParOldGen       total 86016K, used 1705K [0x0000000082200000, 0x0000000087600000, 0x00000000d6100000)
  object space 86016K, 1% used [0x0000000082200000,0x00000000823aa4a8,0x0000000087600000)
 Metaspace       used 14766K, capacity 15248K, committed 15488K, reserved 1062912K
  class space    used 1755K, capacity 1875K, committed 1920K, reserved 1048576K
}
Event: 6.079 GC heap before
{Heap before GC invocations=5 (full 0):
 PSYoungGen      total 70656K, used 70590K [0x00000000d6100000, 0x00000000dab00000, 0x0000000100000000)
  eden space 65536K, 99% used [0x00000000d6100000,0x00000000da0f6408,0x00000000da100000)
  from space 5120K, 99% used [0x00000000da600000,0x00000000daaf9448,0x00000000dab00000)
  to   space 5120K, 0% used [0x00000000da100000,0x00000000da100000,0x00000000da600000)
 ParOldGen       total 86016K, used 1705K [0x0000000082200000, 0x0000000087600000, 0x00000000d6100000)
  object space 86016K, 1% used [0x0000000082200000,0x00000000823aa4a8,0x0000000087600000)
 Metaspace       used 19151K, capacity 19850K, committed 19968K, reserved 1067008K
  class space    used 2360K, capacity 2522K, committed 2560K, reserved 1048576K
Event: 6.100 GC heap after
Heap after GC invocations=5 (full 0):
 PSYoungGen      total 70656K, used 5090K [0x00000000d6100000, 0x00000000df400000, 0x0000000100000000)
  eden space 65536K, 0% used [0x00000000d6100000,0x00000000d6100000,0x00000000da100000)
  from space 5120K, 99% used [0x00000000da100000,0x00000000da5f8800,0x00000000da600000)
  to   space 9728K, 0% used [0x00000000dea80000,0x00000000dea80000,0x00000000df400000)
 ParOldGen       total 86016K, used 4844K [0x0000000082200000, 0x0000000087600000, 0x00000000d6100000)
  object space 86016K, 5% used [0x0000000082200000,0x00000000826bb318,0x0000000087600000)
 Metaspace       used 19151K, capacity 19850K, committed 19968K, reserved 1067008K
  class space    used 2360K, capacity 2522K, committed 2560K, reserved 1048576K
}
Event: 7.048 GC heap before
{Heap before GC invocations=6 (full 0):
 PSYoungGen      total 70656K, used 49307K [0x00000000d6100000, 0x00000000df400000, 0x0000000100000000)
  eden space 65536K, 67% used [0x00000000d6100000,0x00000000d8c2e5c0,0x00000000da100000)
  from space 5120K, 99% used [0x00000000da100000,0x00000000da5f8800,0x00000000da600000)
  to   space 9728K, 0% used [0x00000000dea80000,0x00000000dea80000,0x00000000df400000)
 ParOldGen       total 86016K, used 4844K [0x0000000082200000, 0x0000000087600000, 0x00000000d6100000)
  object space 86016K, 5% used [0x0000000082200000,0x00000000826bb318,0x0000000087600000)
 Metaspace       used 20404K, capacity 21204K, committed 21296K, reserved 1069056K
  class space    used 2494K, capacity 2686K, committed 2688K, reserved 1048576K
Event: 7.073 GC heap after
Heap after GC invocations=6 (full 0):
 PSYoungGen      total 140288K, used 7326K [0x00000000d6100000, 0x00000000df500000, 0x0000000100000000)
  eden space 130560K, 0% used [0x00000000d6100000,0x00000000d6100000,0x00000000de080000)
  from space 9728K, 75% used [0x00000000dea80000,0x00000000df1a7850,0x00000000df400000)
  to   space 10240K, 0% used [0x00000000de080000,0x00000000de080000,0x00000000dea80000)
 ParOldGen       total 86016K, used 4852K [0x0000000082200000, 0x0000000087600000, 0x00000000d6100000)
  object space 86016K, 5% used [0x0000000082200000,0x00000000826bd318,0x0000000087600000)
 Metaspace       used 20404K, capacity 21204K, committed 21296K, reserved 1069056K
  class space    used 2494K, capacity 2686K, committed 2688K, reserved 1048576K
}
Event: 7.073 GC heap before
{Heap before GC invocations=7 (full 1):
 PSYoungGen      total 140288K, used 7326K [0x00000000d6100000, 0x00000000df500000, 0x0000000100000000)
  eden space 130560K, 0% used [0x00000000d6100000,0x00000000d6100000,0x00000000de080000)
  from space 9728K, 75% used [0x00000000dea80000,0x00000000df1a7850,0x00000000df400000)
  to   space 10240K, 0% used [0x00000000de080000,0x00000000de080000,0x00000000dea80000)
 ParOldGen       total 86016K, used 4852K [0x0000000082200000, 0x0000000087600000, 0x00000000d6100000)
  object space 86016K, 5% used [0x0000000082200000,0x00000000826bd318,0x0000000087600000)
 Metaspace       used 20404K, capacity 21204K, committed 21296K, reserved 1069056K
  class space    used 2494K, capacity 2686K, committed 2688K, reserved 1048576K
Event: 7.141 GC heap after
Heap after GC invocations=7 (full 1):
 PSYoungGen      total 140288K, used 0K [0x00000000d6100000, 0x00000000df500000, 0x0000000100000000)
  eden space 130560K, 0% used [0x00000000d6100000,0x00000000d6100000,0x00000000de080000)
  from space 9728K, 0% used [0x00000000dea80000,0x00000000dea80000,0x00000000df400000)
  to   space 10240K, 0% used [0x00000000de080000,0x00000000de080000,0x00000000dea80000)
 ParOldGen       total 50176K, used 7695K [0x0000000082200000, 0x0000000085300000, 0x00000000d6100000)
  object space 50176K, 15% used [0x0000000082200000,0x0000000082983d88,0x0000000085300000)
 Metaspace       used 20403K, capacity 21198K, committed 21296K, reserved 1069056K
  class space    used 2494K, capacity 2685K, committed 2688K, reserved 1048576K
}
Event: 13.308 GC heap before
{Heap before GC invocations=8 (full 1):
 PSYoungGen      total 140288K, used 130560K [0x00000000d6100000, 0x00000000df500000, 0x0000000100000000)
  eden space 130560K, 100% used [0x00000000d6100000,0x00000000de080000,0x00000000de080000)
  from space 9728K, 0% used [0x00000000dea80000,0x00000000dea80000,0x00000000df400000)
  to   space 10240K, 0% used [0x00000000de080000,0x00000000de080000,0x00000000dea80000)
 ParOldGen       total 50176K, used 7695K [0x0000000082200000, 0x0000000085300000, 0x00000000d6100000)
  object space 50176K, 15% used [0x0000000082200000,0x0000000082983d88,0x0000000085300000)
 Metaspace       used 28993K, capacity 30750K, committed 30848K, reserved 1077248K
  class space    used 3646K, capacity 3949K, committed 3968K, reserved 1048576K
Event: 13.340 GC heap after
Heap after GC invocations=8 (full 1):
 PSYoungGen      total 140800K, used 10216K [0x00000000d6100000, 0x00000000e5a00000, 0x0000000100000000)
  eden space 130560K, 0% used [0x00000000d6100000,0x00000000d6100000,0x00000000de080000)
  from space 10240K, 99% used [0x00000000de080000,0x00000000dea7a070,0x00000000dea80000)
  to   space 12288K, 0% used [0x00000000e4e00000,0x00000000e4e00000,0x00000000e5a00000)
 ParOldGen       total 50176K, used 8720K [0x0000000082200000, 0x0000000085300000, 0x00000000d6100000)
  object space 50176K, 17% used [0x0000000082200000,0x0000000082a84310,0x0000000085300000)
 Metaspace       used 28993K, capacity 30750K, committed 30848K, reserved 1077248K
  class space    used 3646K, capacity 3949K, committed 3968K, reserved 1048576K
}

