# JRE version: Java(TM) SE Runtime Environment (8.0_191-b12) (build 1.8.0_191-b12)
# Java VM: Java HotSpot(TM) 64-Bit Server VM (25.191-b12 mixed mode windows-amd64 compressed oops)
Heap:
 PSYoungGen      total 192000K, used 9419K [0x00000000d6100000, 0x00000000e3100000, 0x0000000100000000)
  eden space 178176K, 5% used [0x00000000d6100000,0x00000000d6a32c80,0x00000000e0f00000)
  from space 13824K, 0% used [0x00000000e2380000,0x00000000e2380000,0x00000000e3100000)
  to   space 17408K, 0% used [0x00000000e0f00000,0x00000000e0f00000,0x00000000e2000000)
 ParOldGen       total 89600K, used 28579K [0x0000000082200000, 0x0000000087980000, 0x00000000d6100000)
  object space 89600K, 31% used [0x0000000082200000,0x0000000083de8f60,0x0000000087980000)
 Metaspace       used 55991K, capacity 59129K, committed 59544K, reserved 1101824K
  class space    used 7335K, capacity 7859K, committed 7976K, reserved 1048576K
GC Heap History (10 events):
Event: 17.843 GC heap before
{Heap before GC invocations=11 (full 2):
 PSYoungGen      total 143360K, used 12263K [0x00000000d6100000, 0x00000000df900000, 0x0000000100000000)
  eden space 131072K, 0% used [0x00000000d6100000,0x00000000d6100000,0x00000000de100000)
  from space 12288K, 99% used [0x00000000de100000,0x00000000decf9d08,0x00000000ded00000)
  to   space 11776K, 0% used [0x00000000ded80000,0x00000000ded80000,0x00000000df900000)
 ParOldGen       total 49152K, used 8846K [0x0000000082200000, 0x0000000085200000, 0x00000000d6100000)
  object space 49152K, 17% used [0x0000000082200000,0x0000000082aa3960,0x0000000085200000)
 Metaspace       used 33555K, capacity 35453K, committed 35496K, reserved 1081344K
  class space    used 4149K, capacity 4485K, committed 4520K, reserved 1048576K
Event: 17.952 GC heap after
Heap after GC invocations=11 (full 2):
 PSYoungGen      total 143360K, used 0K [0x00000000d6100000, 0x00000000df900000, 0x0000000100000000)
  eden space 131072K, 0% used [0x00000000d6100000,0x00000000d6100000,0x00000000de100000)
  from space 12288K, 0% used [0x00000000de100000,0x00000000de100000,0x00000000ded00000)
  to   space 11776K, 0% used [0x00000000ded80000,0x00000000ded80000,0x00000000df900000)
 ParOldGen       total 67072K, used 19047K [0x0000000082200000, 0x0000000086380000, 0x00000000d6100000)
  object space 67072K, 28% used [0x0000000082200000,0x0000000083499db8,0x0000000086380000)
 Metaspace       used 33555K, capacity 35453K, committed 35496K, reserved 1081344K
  class space    used 4149K, capacity 4485K, committed 4520K, reserved 1048576K
}
Event: 20.867 GC heap before
{Heap before GC invocations=12 (full 2):
 PSYoungGen      total 143360K, used 131072K [0x00000000d6100000, 0x00000000df900000, 0x0000000100000000)
  eden space 131072K, 100% used [0x00000000d6100000,0x00000000de100000,0x00000000de100000)
  from space 12288K, 0% used [0x00000000de100000,0x00000000de100000,0x00000000ded00000)
  to   space 11776K, 0% used [0x00000000ded80000,0x00000000ded80000,0x00000000df900000)
 ParOldGen       total 67072K, used 19047K [0x0000000082200000, 0x0000000086380000, 0x00000000d6100000)
  object space 67072K, 28% used [0x0000000082200000,0x0000000083499db8,0x0000000086380000)
 Metaspace       used 44407K, capacity 46783K, committed 46888K, reserved 1089536K
  class space    used 5670K, capacity 6108K, committed 6184K, reserved 1048576K
Event: 20.890 GC heap after
Heap after GC invocations=12 (full 2):
 PSYoungGen      total 138240K, used 11760K [0x00000000d6100000, 0x00000000e3e00000, 0x0000000100000000)
  eden space 126464K, 0% used [0x00000000d6100000,0x00000000d6100000,0x00000000ddc80000)
  from space 11776K, 99% used [0x00000000ded80000,0x00000000df8fc0e8,0x00000000df900000)
  to   space 17408K, 0% used [0x00000000ddc80000,0x00000000ddc80000,0x00000000ded80000)
 ParOldGen       total 67072K, used 19998K [0x0000000082200000, 0x0000000086380000, 0x00000000d6100000)
  object space 67072K, 29% used [0x0000000082200000,0x0000000083587a00,0x0000000086380000)
 Metaspace       used 44407K, capacity 46783K, committed 46888K, reserved 1089536K
  class space    used 5670K, capacity 6108K, committed 6184K, reserved 1048576K
}
Event: 25.575 GC heap before
{Heap before GC invocations=13 (full 2):
 PSYoungGen      total 138240K, used 138224K [0x00000000d6100000, 0x00000000e3e00000, 0x0000000100000000)
  eden space 126464K, 100% used [0x00000000d6100000,0x00000000ddc80000,0x00000000ddc80000)
  from space 11776K, 99% used [0x00000000ded80000,0x00000000df8fc0e8,0x00000000df900000)
  to   space 17408K, 0% used [0x00000000ddc80000,0x00000000ddc80000,0x00000000ded80000)
 ParOldGen       total 67072K, used 19998K [0x0000000082200000, 0x0000000086380000, 0x00000000d6100000)
  object space 67072K, 29% used [0x0000000082200000,0x0000000083587a00,0x0000000086380000)
 Metaspace       used 53300K, capacity 56015K, committed 56360K, reserved 1097728K
  class space    used 6953K, capacity 7396K, committed 7464K, reserved 1048576K
Event: 25.601 GC heap after
Heap after GC invocations=13 (full 2):
 PSYoungGen      total 143872K, used 11351K [0x00000000d6100000, 0x00000000e3480000, 0x0000000100000000)
  eden space 126464K, 0% used [0x00000000d6100000,0x00000000d6100000,0x00000000ddc80000)
  from space 17408K, 65% used [0x00000000ddc80000,0x00000000de795d50,0x00000000ded80000)
  to   space 17408K, 0% used [0x00000000e2380000,0x00000000e2380000,0x00000000e3480000)
 ParOldGen       total 67072K, used 25165K [0x0000000082200000, 0x0000000086380000, 0x00000000d6100000)
  object space 67072K, 37% used [0x0000000082200000,0x0000000083a93780,0x0000000086380000)
 Metaspace       used 53300K, capacity 56015K, committed 56360K, reserved 1097728K
  class space    used 6953K, capacity 7396K, committed 7464K, reserved 1048576K
}
Event: 28.275 GC heap before
{Heap before GC invocations=14 (full 2):
 PSYoungGen      total 143872K, used 43204K [0x00000000d6100000, 0x00000000e3480000, 0x0000000100000000)
  eden space 126464K, 25% used [0x00000000d6100000,0x00000000d801b3b0,0x00000000ddc80000)
  from space 17408K, 65% used [0x00000000ddc80000,0x00000000de795d50,0x00000000ded80000)
  to   space 17408K, 0% used [0x00000000e2380000,0x00000000e2380000,0x00000000e3480000)
 ParOldGen       total 67072K, used 25165K [0x0000000082200000, 0x0000000086380000, 0x00000000d6100000)
  object space 67072K, 37% used [0x0000000082200000,0x0000000083a93780,0x0000000086380000)
 Metaspace       used 55974K, capacity 59083K, committed 59160K, reserved 1101824K
  class space    used 7315K, capacity 7834K, committed 7848K, reserved 1048576K
Event: 28.292 GC heap after
Heap after GC invocations=14 (full 2):
 PSYoungGen      total 192000K, used 2850K [0x00000000d6100000, 0x00000000e3100000, 0x0000000100000000)
  eden space 178176K, 0% used [0x00000000d6100000,0x00000000d6100000,0x00000000e0f00000)
  from space 13824K, 20% used [0x00000000e2380000,0x00000000e2648998,0x00000000e3100000)
  to   space 17408K, 0% used [0x00000000e0f00000,0x00000000e0f00000,0x00000000e2000000)
 ParOldGen       total 67072K, used 30174K [0x0000000082200000, 0x0000000086380000, 0x00000000d6100000)
  object space 67072K, 44% used [0x0000000082200000,0x0000000083f77810,0x0000000086380000)
 Metaspace       used 55974K, capacity 59083K, committed 59160K, reserved 1101824K
  class space    used 7315K, capacity 7834K, committed 7848K, reserved 1048576K
}
Event: 28.292 GC heap before
{Heap before GC invocations=15 (full 3):
 PSYoungGen      total 192000K, used 2850K [0x00000000d6100000, 0x00000000e3100000, 0x0000000100000000)
  eden space 178176K, 0% used [0x00000000d6100000,0x00000000d6100000,0x00000000e0f00000)
  from space 13824K, 20% used [0x00000000e2380000,0x00000000e2648998,0x00000000e3100000)
  to   space 17408K, 0% used [0x00000000e0f00000,0x00000000e0f00000,0x00000000e2000000)
 ParOldGen       total 67072K, used 30174K [0x0000000082200000, 0x0000000086380000, 0x00000000d6100000)
  object space 67072K, 44% used [0x0000000082200000,0x0000000083f77810,0x0000000086380000)
 Metaspace       used 55974K, capacity 59083K, committed 59160K, reserved 1101824K
  class space    used 7315K, capacity 7834K, committed 7848K, reserved 1048576K
Event: 28.564 GC heap after
Heap after GC invocations=15 (full 3):
 PSYoungGen      total 192000K, used 0K [0x00000000d6100000, 0x00000000e3100000, 0x0000000100000000)
  eden space 178176K, 0% used [0x00000000d6100000,0x00000000d6100000,0x00000000e0f00000)
  from space 13824K, 0% used [0x00000000e2380000,0x00000000e2380000,0x00000000e3100000)
  to   space 17408K, 0% used [0x00000000e0f00000,0x00000000e0f00000,0x00000000e2000000)
 ParOldGen       total 89600K, used 28579K [0x0000000082200000, 0x0000000087980000, 0x00000000d6100000)
  object space 89600K, 31% used [0x0000000082200000,0x0000000083de8f60,0x0000000087980000)
 Metaspace       used 55884K, capacity 58939K, committed 59160K, reserved 1101824K
  class space    used 7302K, capacity 7810K, committed 7848K, reserved 1048576K
}

