# JRE version: Java(TM) SE Runtime Environment (8.0_301-b09) (build 1.8.0_301-b09)
# Java VM: Java HotSpot(TM) 64-Bit Server VM (25.301-b09 mixed mode windows-amd64 compressed oops)
Heap:
 PSYoungGen      total 205312K, used 4689K [0x00000000eb600000, 0x00000000ff200000, 0x0000000100000000)
  eden space 194048K, 2% used [0x00000000eb600000,0x00000000eba94678,0x00000000f7380000)
  from space 11264K, 0% used [0x00000000f7380000,0x00000000f7380000,0x00000000f7e80000)
  to   space 11776K, 0% used [0x00000000fe680000,0x00000000fe680000,0x00000000ff200000)
 ParOldGen       total 28160K, used 15253K [0x00000000c2200000, 0x00000000c3d80000, 0x00000000eb600000)
  object space 28160K, 54% used [0x00000000c2200000,0x00000000c30e5748,0x00000000c3d80000)
 Metaspace       used 33668K, capacity 35642K, committed 35752K, reserved 1081344K
  class space    used 4242K, capacity 4589K, committed 4608K, reserved 1048576K
GC Heap History (10 events):
Event: 13.407 GC heap before
{Heap before GC invocations=9 (full 1):
 PSYoungGen      total 132608K, used 4824K [0x00000000eb600000, 0x00000000f3f00000, 0x0000000100000000)
  eden space 125952K, 0% used [0x00000000eb600000,0x00000000eb600000,0x00000000f3100000)
  from space 6656K, 72% used [0x00000000f3880000,0x00000000f3d36188,0x00000000f3f00000)
  to   space 7168K, 0% used [0x00000000f3100000,0x00000000f3100000,0x00000000f3800000)
 ParOldGen       total 42496K, used 9221K [0x00000000c2200000, 0x00000000c4b80000, 0x00000000eb600000)
  object space 42496K, 21% used [0x00000000c2200000,0x00000000c2b01548,0x00000000c4b80000)
 Metaspace       used 20525K, capacity 21218K, committed 21296K, reserved 1069056K
  class space    used 2503K, capacity 2677K, committed 2688K, reserved 1048576K
Event: 13.506 GC heap after
Heap after GC invocations=9 (full 1):
 PSYoungGen      total 132608K, used 0K [0x00000000eb600000, 0x00000000f3f00000, 0x0000000100000000)
  eden space 125952K, 0% used [0x00000000eb600000,0x00000000eb600000,0x00000000f3100000)
  from space 6656K, 0% used [0x00000000f3880000,0x00000000f3880000,0x00000000f3f00000)
  to   space 7168K, 0% used [0x00000000f3100000,0x00000000f3100000,0x00000000f3800000)
 ParOldGen       total 28160K, used 7640K [0x00000000c2200000, 0x00000000c3d80000, 0x00000000eb600000)
  object space 28160K, 27% used [0x00000000c2200000,0x00000000c29760d0,0x00000000c3d80000)
 Metaspace       used 20524K, capacity 21216K, committed 21296K, reserved 1069056K
  class space    used 2502K, capacity 2676K, committed 2688K, reserved 1048576K
}
Event: 22.684 GC heap before
{Heap before GC invocations=10 (full 1):
 PSYoungGen      total 132608K, used 125952K [0x00000000eb600000, 0x00000000f3f00000, 0x0000000100000000)
  eden space 125952K, 100% used [0x00000000eb600000,0x00000000f3100000,0x00000000f3100000)
  from space 6656K, 0% used [0x00000000f3880000,0x00000000f3880000,0x00000000f3f00000)
  to   space 7168K, 0% used [0x00000000f3100000,0x00000000f3100000,0x00000000f3800000)
 ParOldGen       total 28160K, used 7640K [0x00000000c2200000, 0x00000000c3d80000, 0x00000000eb600000)
  object space 28160K, 27% used [0x00000000c2200000,0x00000000c29760d0,0x00000000c3d80000)
 Metaspace       used 27086K, capacity 28330K, committed 28544K, reserved 1075200K
  class space    used 3376K, capacity 3611K, committed 3712K, reserved 1048576K
Event: 22.719 GC heap after
Heap after GC invocations=10 (full 1):
 PSYoungGen      total 133120K, used 7144K [0x00000000eb600000, 0x00000000f8780000, 0x0000000100000000)
  eden space 125952K, 0% used [0x00000000eb600000,0x00000000eb600000,0x00000000f3100000)
  from space 7168K, 99% used [0x00000000f3100000,0x00000000f37fa3c0,0x00000000f3800000)
  to   space 9216K, 0% used [0x00000000f7e80000,0x00000000f7e80000,0x00000000f8780000)
 ParOldGen       total 28160K, used 10613K [0x00000000c2200000, 0x00000000c3d80000, 0x00000000eb600000)
  object space 28160K, 37% used [0x00000000c2200000,0x00000000c2c5d4a8,0x00000000c3d80000)
 Metaspace       used 27086K, capacity 28330K, committed 28544K, reserved 1075200K
  class space    used 3376K, capacity 3611K, committed 3712K, reserved 1048576K
}
Event: 32.678 GC heap before
{Heap before GC invocations=11 (full 1):
 PSYoungGen      total 133120K, used 133096K [0x00000000eb600000, 0x00000000f8780000, 0x0000000100000000)
  eden space 125952K, 100% used [0x00000000eb600000,0x00000000f3100000,0x00000000f3100000)
  from space 7168K, 99% used [0x00000000f3100000,0x00000000f37fa3c0,0x00000000f3800000)
  to   space 9216K, 0% used [0x00000000f7e80000,0x00000000f7e80000,0x00000000f8780000)
 ParOldGen       total 28160K, used 10613K [0x00000000c2200000, 0x00000000c3d80000, 0x00000000eb600000)
  object space 28160K, 37% used [0x00000000c2200000,0x00000000c2c5d4a8,0x00000000c3d80000)
 Metaspace       used 33111K, capacity 35012K, committed 35328K, reserved 1079296K
  class space    used 4191K, capacity 4516K, committed 4608K, reserved 1048576K
Event: 32.732 GC heap after
Heap after GC invocations=11 (full 1):
 PSYoungGen      total 203264K, used 9200K [0x00000000eb600000, 0x00000000f8a00000, 0x0000000100000000)
  eden space 194048K, 0% used [0x00000000eb600000,0x00000000eb600000,0x00000000f7380000)
  from space 9216K, 99% used [0x00000000f7e80000,0x00000000f877c010,0x00000000f8780000)
  to   space 11264K, 0% used [0x00000000f7380000,0x00000000f7380000,0x00000000f7e80000)
 ParOldGen       total 28160K, used 13403K [0x00000000c2200000, 0x00000000c3d80000, 0x00000000eb600000)
  object space 28160K, 47% used [0x00000000c2200000,0x00000000c2f16e58,0x00000000c3d80000)
 Metaspace       used 33111K, capacity 35012K, committed 35328K, reserved 1079296K
  class space    used 4191K, capacity 4516K, committed 4608K, reserved 1048576K
}
Event: 33.217 GC heap before
{Heap before GC invocations=12 (full 1):
 PSYoungGen      total 203264K, used 18241K [0x00000000eb600000, 0x00000000f8a00000, 0x0000000100000000)
  eden space 194048K, 4% used [0x00000000eb600000,0x00000000ebed4698,0x00000000f7380000)
  from space 9216K, 99% used [0x00000000f7e80000,0x00000000f877c010,0x00000000f8780000)
  to   space 11264K, 0% used [0x00000000f7380000,0x00000000f7380000,0x00000000f7e80000)
 ParOldGen       total 28160K, used 13403K [0x00000000c2200000, 0x00000000c3d80000, 0x00000000eb600000)
  object space 28160K, 47% used [0x00000000c2200000,0x00000000c2f16e58,0x00000000c3d80000)
 Metaspace       used 33481K, capacity 35360K, committed 35496K, reserved 1081344K
  class space    used 4213K, capacity 4520K, committed 4608K, reserved 1048576K
Event: 33.256 GC heap after
Heap after GC invocations=12 (full 1):
 PSYoungGen      total 205312K, used 595K [0x00000000eb600000, 0x00000000ff200000, 0x0000000100000000)
  eden space 194048K, 0% used [0x00000000eb600000,0x00000000eb600000,0x00000000f7380000)
  from space 11264K, 5% used [0x00000000f7380000,0x00000000f7414de0,0x00000000f7e80000)
  to   space 11776K, 0% used [0x00000000fe680000,0x00000000fe680000,0x00000000ff200000)
 ParOldGen       total 28160K, used 21433K [0x00000000c2200000, 0x00000000c3d80000, 0x00000000eb600000)
  object space 28160K, 76% used [0x00000000c2200000,0x00000000c36ee6d8,0x00000000c3d80000)
 Metaspace       used 33481K, capacity 35360K, committed 35496K, reserved 1081344K
  class space    used 4213K, capacity 4520K, committed 4608K, reserved 1048576K
}
Event: 33.256 GC heap before
{Heap before GC invocations=13 (full 2):
 PSYoungGen      total 205312K, used 595K [0x00000000eb600000, 0x00000000ff200000, 0x0000000100000000)
  eden space 194048K, 0% used [0x00000000eb600000,0x00000000eb600000,0x00000000f7380000)
  from space 11264K, 5% used [0x00000000f7380000,0x00000000f7414de0,0x00000000f7e80000)
  to   space 11776K, 0% used [0x00000000fe680000,0x00000000fe680000,0x00000000ff200000)
 ParOldGen       total 28160K, used 21433K [0x00000000c2200000, 0x00000000c3d80000, 0x00000000eb600000)
  object space 28160K, 76% used [0x00000000c2200000,0x00000000c36ee6d8,0x00000000c3d80000)
 Metaspace       used 33481K, capacity 35360K, committed 35496K, reserved 1081344K
  class space    used 4213K, capacity 4520K, committed 4608K, reserved 1048576K
Event: 33.428 GC heap after
Heap after GC invocations=13 (full 2):
 PSYoungGen      total 205312K, used 0K [0x00000000eb600000, 0x00000000ff200000, 0x0000000100000000)
  eden space 194048K, 0% used [0x00000000eb600000,0x00000000eb600000,0x00000000f7380000)
  from space 11264K, 0% used [0x00000000f7380000,0x00000000f7380000,0x00000000f7e80000)
  to   space 11776K, 0% used [0x00000000fe680000,0x00000000fe680000,0x00000000ff200000)
 ParOldGen       total 28160K, used 15253K [0x00000000c2200000, 0x00000000c3d80000, 0x00000000eb600000)
  object space 28160K, 54% used [0x00000000c2200000,0x00000000c30e5748,0x00000000c3d80000)
 Metaspace       used 33481K, capacity 35360K, committed 35496K, reserved 1081344K
  class space    used 4213K, capacity 4520K, committed 4608K, reserved 1048576K
}

