# JRE version: Java(TM) SE Runtime Environment (8.0_191-b12) (build 1.8.0_191-b12)
# Java VM: Java HotSpot(TM) 64-Bit Server VM (25.191-b12 mixed mode windows-amd64 compressed oops)
Heap:
 PSYoungGen      total 542208K, used 275963K [0x00000000d6100000, 0x0000000100000000, 0x0000000100000000)
  eden space 519680K, 52% used [0x00000000d6100000,0x00000000e6d9c3a0,0x00000000f5c80000)
  from space 22528K, 4% used [0x00000000f5c80000,0x00000000f5d62940,0x00000000f7280000)
  to   space 22528K, 0% used [0x00000000fea00000,0x00000000fea00000,0x0000000100000000)
 ParOldGen       total 91648K, used 39890K [0x0000000082200000, 0x0000000087b80000, 0x00000000d6100000)
  object space 91648K, 43% used [0x0000000082200000,0x00000000848f49b8,0x0000000087b80000)
 Metaspace       used 68355K, capacity 72119K, committed 72192K, reserved 1112064K
  class space    used 8765K, capacity 9406K, committed 9472K, reserved 1048576K
GC Heap History (10 events):
Event: 15.850 GC heap before
{Heap before GC invocations=12 (full 2):
 PSYoungGen      total 271360K, used 259072K [0x00000000d6100000, 0x00000000eea80000, 0x0000000100000000)
  eden space 259072K, 100% used [0x00000000d6100000,0x00000000e5e00000,0x00000000e5e00000)
  from space 12288K, 0% used [0x00000000e5e00000,0x00000000e5e00000,0x00000000e6a00000)
  to   space 15360K, 0% used [0x00000000edb80000,0x00000000edb80000,0x00000000eea80000)
 ParOldGen       total 69632K, used 20539K [0x0000000082200000, 0x0000000086600000, 0x00000000d6100000)
  object space 69632K, 29% used [0x0000000082200000,0x000000008360ef10,0x0000000086600000)
 Metaspace       used 52466K, capacity 55184K, committed 55424K, reserved 1097728K
  class space    used 6833K, capacity 7262K, committed 7296K, reserved 1048576K
Event: 15.898 GC heap after
Heap after GC invocations=12 (full 2):
 PSYoungGen      total 382976K, used 15335K [0x00000000d6100000, 0x00000000ef900000, 0x0000000100000000)
  eden space 367616K, 0% used [0x00000000d6100000,0x00000000d6100000,0x00000000ec800000)
  from space 15360K, 99% used [0x00000000edb80000,0x00000000eea79ce8,0x00000000eea80000)
  to   space 19968K, 0% used [0x00000000ec800000,0x00000000ec800000,0x00000000edb80000)
 ParOldGen       total 69632K, used 27646K [0x0000000082200000, 0x0000000086600000, 0x00000000d6100000)
  object space 69632K, 39% used [0x0000000082200000,0x0000000083cff8c8,0x0000000086600000)
 Metaspace       used 52466K, capacity 55184K, committed 55424K, reserved 1097728K
  class space    used 6833K, capacity 7262K, committed 7296K, reserved 1048576K
}
Event: 18.238 GC heap before
{Heap before GC invocations=13 (full 2):
 PSYoungGen      total 382976K, used 70222K [0x00000000d6100000, 0x00000000ef900000, 0x0000000100000000)
  eden space 367616K, 14% used [0x00000000d6100000,0x00000000d9699f08,0x00000000ec800000)
  from space 15360K, 99% used [0x00000000edb80000,0x00000000eea79ce8,0x00000000eea80000)
  to   space 19968K, 0% used [0x00000000ec800000,0x00000000ec800000,0x00000000edb80000)
 ParOldGen       total 69632K, used 27646K [0x0000000082200000, 0x0000000086600000, 0x00000000d6100000)
  object space 69632K, 39% used [0x0000000082200000,0x0000000083cff8c8,0x0000000086600000)
 Metaspace       used 56158K, capacity 59081K, committed 59096K, reserved 1101824K
  class space    used 7313K, capacity 7808K, committed 7808K, reserved 1048576K
Event: 18.264 GC heap after
Heap after GC invocations=13 (full 2):
 PSYoungGen      total 387584K, used 4139K [0x00000000d6100000, 0x00000000f8900000, 0x0000000100000000)
  eden space 367616K, 0% used [0x00000000d6100000,0x00000000d6100000,0x00000000ec800000)
  from space 19968K, 20% used [0x00000000ec800000,0x00000000ecc0ac10,0x00000000edb80000)
  to   space 19456K, 0% used [0x00000000f7600000,0x00000000f7600000,0x00000000f8900000)
 ParOldGen       total 69632K, used 37156K [0x0000000082200000, 0x0000000086600000, 0x00000000d6100000)
  object space 69632K, 53% used [0x0000000082200000,0x00000000846493a8,0x0000000086600000)
 Metaspace       used 56158K, capacity 59081K, committed 59096K, reserved 1101824K
  class space    used 7313K, capacity 7808K, committed 7808K, reserved 1048576K
}
Event: 18.264 GC heap before
{Heap before GC invocations=14 (full 3):
 PSYoungGen      total 387584K, used 4139K [0x00000000d6100000, 0x00000000f8900000, 0x0000000100000000)
  eden space 367616K, 0% used [0x00000000d6100000,0x00000000d6100000,0x00000000ec800000)
  from space 19968K, 20% used [0x00000000ec800000,0x00000000ecc0ac10,0x00000000edb80000)
  to   space 19456K, 0% used [0x00000000f7600000,0x00000000f7600000,0x00000000f8900000)
 ParOldGen       total 69632K, used 37156K [0x0000000082200000, 0x0000000086600000, 0x00000000d6100000)
  object space 69632K, 53% used [0x0000000082200000,0x00000000846493a8,0x0000000086600000)
 Metaspace       used 56158K, capacity 59081K, committed 59096K, reserved 1101824K
  class space    used 7313K, capacity 7808K, committed 7808K, reserved 1048576K
Event: 18.474 GC heap after
Heap after GC invocations=14 (full 3):
 PSYoungGen      total 387584K, used 0K [0x00000000d6100000, 0x00000000f8900000, 0x0000000100000000)
  eden space 367616K, 0% used [0x00000000d6100000,0x00000000d6100000,0x00000000ec800000)
  from space 19968K, 0% used [0x00000000ec800000,0x00000000ec800000,0x00000000edb80000)
  to   space 19456K, 0% used [0x00000000f7600000,0x00000000f7600000,0x00000000f8900000)
 ParOldGen       total 91648K, used 29364K [0x0000000082200000, 0x0000000087b80000, 0x00000000d6100000)
  object space 91648K, 32% used [0x0000000082200000,0x0000000083ead190,0x0000000087b80000)
 Metaspace       used 56068K, capacity 58937K, committed 59096K, reserved 1101824K
  class space    used 7300K, capacity 7784K, committed 7808K, reserved 1048576K
}
Event: 350.587 GC heap before
{Heap before GC invocations=15 (full 3):
 PSYoungGen      total 387584K, used 367616K [0x00000000d6100000, 0x00000000f8900000, 0x0000000100000000)
  eden space 367616K, 100% used [0x00000000d6100000,0x00000000ec800000,0x00000000ec800000)
  from space 19968K, 0% used [0x00000000ec800000,0x00000000ec800000,0x00000000edb80000)
  to   space 19456K, 0% used [0x00000000f7600000,0x00000000f7600000,0x00000000f8900000)
 ParOldGen       total 91648K, used 29364K [0x0000000082200000, 0x0000000087b80000, 0x00000000d6100000)
  object space 91648K, 32% used [0x0000000082200000,0x0000000083ead190,0x0000000087b80000)
 Metaspace       used 67926K, capacity 71539K, committed 71808K, reserved 1112064K
  class space    used 8721K, capacity 9316K, committed 9344K, reserved 1048576K
Event: 350.641 GC heap after
Heap after GC invocations=15 (full 3):
 PSYoungGen      total 520704K, used 18512K [0x00000000d6100000, 0x00000000f8880000, 0x0000000100000000)
  eden space 501760K, 0% used [0x00000000d6100000,0x00000000d6100000,0x00000000f4b00000)
  from space 18944K, 97% used [0x00000000f7600000,0x00000000f8814388,0x00000000f8880000)
  to   space 22528K, 0% used [0x00000000f5c80000,0x00000000f5c80000,0x00000000f7280000)
 ParOldGen       total 91648K, used 29372K [0x0000000082200000, 0x0000000087b80000, 0x00000000d6100000)
  object space 91648K, 32% used [0x0000000082200000,0x0000000083eaf190,0x0000000087b80000)
 Metaspace       used 67926K, capacity 71539K, committed 71808K, reserved 1112064K
  class space    used 8721K, capacity 9316K, committed 9344K, reserved 1048576K
}
Event: 1795.879 GC heap before
{Heap before GC invocations=16 (full 3):
 PSYoungGen      total 520704K, used 520272K [0x00000000d6100000, 0x00000000f8880000, 0x0000000100000000)
  eden space 501760K, 100% used [0x00000000d6100000,0x00000000f4b00000,0x00000000f4b00000)
  from space 18944K, 97% used [0x00000000f7600000,0x00000000f8814388,0x00000000f8880000)
  to   space 22528K, 0% used [0x00000000f5c80000,0x00000000f5c80000,0x00000000f7280000)
 ParOldGen       total 91648K, used 29372K [0x0000000082200000, 0x0000000087b80000, 0x00000000d6100000)
  object space 91648K, 32% used [0x0000000082200000,0x0000000083eaf190,0x0000000087b80000)
 Metaspace       used 68328K, capacity 72055K, committed 72192K, reserved 1112064K
  class space    used 8765K, capacity 9406K, committed 9472K, reserved 1048576K
Event: 1795.894 GC heap after
Heap after GC invocations=16 (full 3):
 PSYoungGen      total 542208K, used 906K [0x00000000d6100000, 0x0000000100000000, 0x0000000100000000)
  eden space 519680K, 0% used [0x00000000d6100000,0x00000000d6100000,0x00000000f5c80000)
  from space 22528K, 4% used [0x00000000f5c80000,0x00000000f5d62940,0x00000000f7280000)
  to   space 22528K, 0% used [0x00000000fea00000,0x00000000fea00000,0x0000000100000000)
 ParOldGen       total 91648K, used 39890K [0x0000000082200000, 0x0000000087b80000, 0x00000000d6100000)
  object space 91648K, 43% used [0x0000000082200000,0x00000000848f49b8,0x0000000087b80000)
 Metaspace       used 68328K, capacity 72055K, committed 72192K, reserved 1112064K
  class space    used 8765K, capacity 9406K, committed 9472K, reserved 1048576K
}

